2017-11-01 11:04:19 ERROR errorLogger:110 - Duplicate argument "Yash" detected for registerNewUser Method
2017-11-01 11:14:15 ERROR errorLogger:91 - Duplicate argument "Yash" detected for registerNewUser Method
2017-11-01 11:14:31 ERROR errorLogger:91 - Duplicate argument "Yash" detected for registerNewUser Method
2017-11-01 11:15:05 ERROR errorLogger:90 - Duplicate argument "Yash" detected for registerNewUser Method
2017-11-01 11:15:11 ERROR errorLogger:90 - Duplicate argument "Yash2" detected for registerNewUser Method
2017-11-01 11:15:11 ERROR errorLogger:90 - Duplicate argument "Yash3" detected for registerNewUser Method
2017-11-01 11:15:20 ERROR errorLogger:90 - Duplicate argument "Yash" detected for registerNewUser Method
2017-11-01 11:15:22 ERROR errorLogger:90 - Duplicate argument "Yash2" detected for registerNewUser Method
2017-11-01 11:15:23 ERROR errorLogger:90 - Duplicate argument "Yash3" detected for registerNewUser Method
2017-11-01 11:15:23 ERROR errorLogger:90 - Duplicate argument "Yash4" detected for registerNewUser Method
2017-11-01 11:15:24 ERROR errorLogger:90 - Duplicate argument "Yash1" detected for registerNewUser Method
2017-11-01 11:15:25 ERROR errorLogger:90 - Duplicate argument "Yash5" detected for registerNewUser Method
2017-11-01 11:15:25 ERROR errorLogger:90 - Duplicate argument "Yash2" detected for registerNewUser Method
2017-11-01 11:15:26 ERROR errorLogger:90 - Duplicate argument "Yash3" detected for registerNewUser Method
2017-11-01 11:15:27 ERROR errorLogger:90 - Duplicate argument "Yash8" detected for registerNewUser Method
2017-11-01 11:15:27 ERROR errorLogger:90 - Duplicate argument "Yash9" detected for registerNewUser Method
2017-11-01 11:15:28 ERROR errorLogger:90 - Duplicate argument "Yash10" detected for registerNewUser Method
2017-11-01 11:15:29 ERROR errorLogger:90 - Duplicate argument "Yash65" detected for registerNewUser Method
2017-11-01 11:15:34 ERROR errorLogger:110 - Duplicate argument "Yash" detected for registerNewUser Method
2017-11-01 11:15:41 ERROR errorLogger:110 - Duplicate argument "Yash2" detected for registerNewUser Method
2017-11-01 11:15:42 ERROR errorLogger:110 - Duplicate argument "Yash3" detected for registerNewUser Method
2017-11-01 11:15:51 ERROR errorLogger:110 - Duplicate argument "Yash" detected for registerNewUser Method
2017-11-01 11:15:52 ERROR errorLogger:110 - Duplicate argument "Yash2" detected for registerNewUser Method
2017-11-01 11:15:53 ERROR errorLogger:110 - Duplicate argument "Yash3" detected for registerNewUser Method
2017-11-01 11:15:54 ERROR errorLogger:110 - Duplicate argument "Yash4" detected for registerNewUser Method
2017-11-01 11:15:54 ERROR errorLogger:110 - Duplicate argument "Yash1" detected for registerNewUser Method
2017-11-01 11:15:55 ERROR errorLogger:110 - Duplicate argument "Yash5" detected for registerNewUser Method
2017-11-01 11:15:56 ERROR errorLogger:110 - Duplicate argument "Yash2" detected for registerNewUser Method
2017-11-01 11:15:57 ERROR errorLogger:110 - Duplicate argument "Yash3" detected for registerNewUser Method
2017-11-01 11:15:58 ERROR errorLogger:110 - Duplicate argument "Yash8" detected for registerNewUser Method
2017-11-01 11:15:59 ERROR errorLogger:110 - Duplicate argument "Yash9" detected for registerNewUser Method
2017-11-01 11:16:00 ERROR errorLogger:110 - Duplicate argument "Yash10" detected for registerNewUser Method
2017-11-01 11:16:00 ERROR errorLogger:110 - Duplicate argument "Yash65" detected for registerNewUser Method
2017-11-01 11:16:21 ERROR errorLogger:42 - Null argument detected for writeUser Method
2017-11-01 11:16:21 ERROR errorLogger:57 - Null "name" argument detected for registerNewUser Method
2017-11-01 11:16:21 ERROR errorLogger:57 - Null "name" argument detected for registerNewUser Method
2017-11-01 11:20:11 ERROR errorLogger:42 - Null argument detected for writeUser Method
2017-11-01 11:20:11 ERROR errorLogger:57 - Null "name" argument detected for registerNewUser Method
2017-11-01 11:20:11 ERROR errorLogger:57 - Null "name" argument detected for registerNewUser Method
2017-11-01 11:35:28 ERROR errorLogger:42 - Null argument detected for writeUser Method
2017-11-01 11:35:28 ERROR errorLogger:57 - Null "name" argument detected for registerNewUser Method
2017-11-01 11:35:29 ERROR errorLogger:57 - Null "name" argument detected for registerNewUser Method
2017-11-01 11:36:57 ERROR errorLogger:42 - Null argument detected for writeUser Method
2017-11-01 11:36:57 ERROR errorLogger:57 - Null "name" argument detected for registerNewUser Method
2017-11-01 11:36:57 ERROR errorLogger:57 - Null "name" argument detected for registerNewUser Method
2017-11-01 11:39:15 ERROR errorLogger:47 - Null argument detected for readUser Method
2017-11-01 11:40:43 ERROR errorLogger:42 - Null argument detected for writeUser Method
2017-11-01 11:40:43 ERROR errorLogger:57 - Null "name" argument detected for registerNewUser Method
2017-11-01 11:40:43 ERROR errorLogger:57 - Null "name" argument detected for registerNewUser Method
2017-11-01 11:40:44 ERROR errorLogger:42 - Null argument detected for writeUser Method
2017-11-01 11:40:44 ERROR errorLogger:57 - Null "name" argument detected for registerNewUser Method
2017-11-01 11:40:44 ERROR errorLogger:57 - Null "name" argument detected for registerNewUser Method
2017-11-01 11:40:45 ERROR errorLogger:42 - Null argument detected for writeUser Method
2017-11-01 11:40:45 ERROR errorLogger:57 - Null "name" argument detected for registerNewUser Method
2017-11-01 11:40:45 ERROR errorLogger:57 - Null "name" argument detected for registerNewUser Method
2017-11-01 11:40:46 ERROR errorLogger:42 - Null argument detected for writeUser Method
2017-11-01 11:40:46 ERROR errorLogger:57 - Null "name" argument detected for registerNewUser Method
2017-11-01 11:40:46 ERROR errorLogger:57 - Null "name" argument detected for registerNewUser Method
2017-11-01 11:40:47 ERROR errorLogger:42 - Null argument detected for writeUser Method
2017-11-01 11:40:47 ERROR errorLogger:57 - Null "name" argument detected for registerNewUser Method
2017-11-01 11:40:47 ERROR errorLogger:57 - Null "name" argument detected for registerNewUser Method
2017-11-01 11:40:48 ERROR errorLogger:42 - Null argument detected for writeUser Method
2017-11-01 11:40:48 ERROR errorLogger:57 - Null "name" argument detected for registerNewUser Method
2017-11-01 11:40:48 ERROR errorLogger:57 - Null "name" argument detected for registerNewUser Method
2017-11-01 11:40:49 ERROR errorLogger:42 - Null argument detected for writeUser Method
2017-11-01 11:40:49 ERROR errorLogger:57 - Null "name" argument detected for registerNewUser Method
2017-11-01 11:40:49 ERROR errorLogger:57 - Null "name" argument detected for registerNewUser Method
2017-11-01 11:40:50 ERROR errorLogger:42 - Null argument detected for writeUser Method
2017-11-01 11:40:50 ERROR errorLogger:57 - Null "name" argument detected for registerNewUser Method
2017-11-01 11:40:50 ERROR errorLogger:57 - Null "name" argument detected for registerNewUser Method
2017-11-01 11:40:51 ERROR errorLogger:42 - Null argument detected for writeUser Method
2017-11-01 11:40:51 ERROR errorLogger:57 - Null "name" argument detected for registerNewUser Method
2017-11-01 11:40:51 ERROR errorLogger:57 - Null "name" argument detected for registerNewUser Method
2017-11-01 11:40:52 ERROR errorLogger:42 - Null argument detected for writeUser Method
2017-11-01 11:40:52 ERROR errorLogger:57 - Null "name" argument detected for registerNewUser Method
2017-11-01 11:40:52 ERROR errorLogger:57 - Null "name" argument detected for registerNewUser Method
2017-11-01 11:40:53 ERROR errorLogger:42 - Null argument detected for writeUser Method
2017-11-01 11:40:53 ERROR errorLogger:57 - Null "name" argument detected for registerNewUser Method
2017-11-01 11:40:53 ERROR errorLogger:57 - Null "name" argument detected for registerNewUser Method
2017-11-01 11:40:54 ERROR errorLogger:42 - Null argument detected for writeUser Method
2017-11-01 11:40:54 ERROR errorLogger:57 - Null "name" argument detected for registerNewUser Method
2017-11-01 11:40:54 ERROR errorLogger:57 - Null "name" argument detected for registerNewUser Method
2017-11-01 11:40:55 ERROR errorLogger:42 - Null argument detected for writeUser Method
2017-11-01 11:40:55 ERROR errorLogger:57 - Null "name" argument detected for registerNewUser Method
2017-11-01 11:40:55 ERROR errorLogger:57 - Null "name" argument detected for registerNewUser Method
2017-11-01 11:40:56 ERROR errorLogger:42 - Null argument detected for writeUser Method
2017-11-01 11:40:56 ERROR errorLogger:57 - Null "name" argument detected for registerNewUser Method
2017-11-01 11:40:56 ERROR errorLogger:57 - Null "name" argument detected for registerNewUser Method
2017-11-01 11:40:57 ERROR errorLogger:42 - Null argument detected for writeUser Method
2017-11-01 11:40:57 ERROR errorLogger:57 - Null "name" argument detected for registerNewUser Method
2017-11-01 11:40:57 ERROR errorLogger:57 - Null "name" argument detected for registerNewUser Method
